<?xml version="1.0" encoding="UTF-8"?>
<testsuite xmlns:xsi="http://www.w3.org/2001/XMLSchema-instance" xsi:noNamespaceSchemaLocation="https://maven.apache.org/surefire/maven-surefire-plugin/xsd/surefire-test-report-3.0.xsd" version="3.0" name="edu.depaul.email.PageParserTest" time="0" tests="4" errors="0" skipped="0" failures="0">
  <properties>
[...]
</properties>
  <testcase name="testFindLinksNoLinks" classname="edu.depaul.email.PageParserTest" time="0"/>
  <testcase name="testFindOneEmail" classname="edu.depaul.email.PageParserTest" time="0"/>
  <testcase name="testFindLinks" classname="edu.depaul.email.PageParserTest" time="0"/>
  <testcase name="testPageParserConstructor" classname="edu.depaul.email.PageParserTest" time="0"/>
</testsuite>